###############################################################################
#
# IAR ANSI C/C++ Compiler V7.40.3.8902/W32 for ARM        04/Nov/2019  22:01:29
# Copyright 1999-2015 IAR Systems AB.
#
#    Cpu mode     =  thumb
#    Endian       =  little
#    Source file  =  D:\Study\car\myFirstCar\myFirstCar_fourWheel\app\switch.c
#    Command line =  
#        D:\Study\car\myFirstCar\myFirstCar_fourWheel\app\switch.c -D LPLD_K60
#        -D USE_K60DZ10 -lCN
#        D:\Study\car\myFirstCar\myFirstCar_fourWheel\iar\RAM\List\ -lB
#        D:\Study\car\myFirstCar\myFirstCar_fourWheel\iar\RAM\List\ -o
#        D:\Study\car\myFirstCar\myFirstCar_fourWheel\iar\RAM\Obj\ --no_cse
#        --no_unroll --no_inline --no_code_motion --no_tbaa --no_clustering
#        --no_scheduling --debug --endian=little --cpu=Cortex-M4 -e --fpu=None
#        --dlib_config "D:\Study Software\arm\INC\c\DLib_Config_Normal.h" -I
#        D:\Study\car\myFirstCar\myFirstCar_fourWheel\iar\..\app\ -I
#        D:\Study\car\myFirstCar\myFirstCar_fourWheel\iar\..\..\..\lib\CPU\ -I
#        D:\Study\car\myFirstCar\myFirstCar_fourWheel\iar\..\..\..\lib\common\
#        -I D:\Study\car\myFirstCar\myFirstCar_fourWheel\iar\..\..\..\lib\LPLD\
#        -I
#        D:\Study\car\myFirstCar\myFirstCar_fourWheel\iar\..\..\..\lib\LPLD\HW\
#        -I
#        D:\Study\car\myFirstCar\myFirstCar_fourWheel\iar\..\..\..\lib\LPLD\DEV\
#        -I
#        D:\Study\car\myFirstCar\myFirstCar_fourWheel\iar\..\..\..\lib\LPLD\FUNC\
#        -I
#        D:\Study\car\myFirstCar\myFirstCar_fourWheel\iar\..\..\..\lib\uCOS-II\Ports\
#        -I
#        D:\Study\car\myFirstCar\myFirstCar_fourWheel\iar\..\..\..\lib\uCOS-II\Source\
#        -I
#        D:\Study\car\myFirstCar\myFirstCar_fourWheel\iar\..\..\..\lib\FatFs\
#        -I
#        D:\Study\car\myFirstCar\myFirstCar_fourWheel\iar\..\..\..\lib\FatFs\option\
#        -I
#        D:\Study\car\myFirstCar\myFirstCar_fourWheel\iar\..\..\..\lib\USB\common\
#        -I
#        D:\Study\car\myFirstCar\myFirstCar_fourWheel\iar\..\..\..\lib\USB\driver\
#        -I
#        D:\Study\car\myFirstCar\myFirstCar_fourWheel\iar\..\..\..\lib\USB\descriptor\
#        -I
#        D:\Study\car\myFirstCar\myFirstCar_fourWheel\iar\..\..\..\lib\USB\class\
#        -Ol -I "D:\Study Software\arm\CMSIS\Include\" -D ARM_MATH_CM4
#    List file    =  
#        D:\Study\car\myFirstCar\myFirstCar_fourWheel\iar\RAM\List\switch.lst
#    Object file  =  
#        D:\Study\car\myFirstCar\myFirstCar_fourWheel\iar\RAM\Obj\switch.o
#
###############################################################################

D:\Study\car\myFirstCar\myFirstCar_fourWheel\app\switch.c
      1          #include"include.h"
      2          enum dip_enum{
      3              launch_dip,
      4              stop_dip
      5          };

   \                                 In section .bss, align 4
      6          uint8 dip[8]={0};
   \                     dip:
   \   00000000                      DS8 8


   Section sizes:

   Bytes  Function/Label
   -----  --------------
       8  dip

 
 8 bytes in section .bss
 
 8 bytes of DATA memory

Errors: none
Warnings: none
