###############################################################################
#
# IAR ANSI C/C++ Compiler V7.40.3.8902/W32 for ARM        04/Nov/2019  22:01:30
# Copyright 1999-2015 IAR Systems AB.
#
#    Cpu mode     =  thumb
#    Endian       =  little
#    Source file  =  D:\Study\car\myFirstCar\myFirstCar_fourWheel\app\uart.c
#    Command line =  
#        D:\Study\car\myFirstCar\myFirstCar_fourWheel\app\uart.c -D LPLD_K60 -D
#        USE_K60DZ10 -lCN
#        D:\Study\car\myFirstCar\myFirstCar_fourWheel\iar\RAM\List\ -lB
#        D:\Study\car\myFirstCar\myFirstCar_fourWheel\iar\RAM\List\ -o
#        D:\Study\car\myFirstCar\myFirstCar_fourWheel\iar\RAM\Obj\ --no_cse
#        --no_unroll --no_inline --no_code_motion --no_tbaa --no_clustering
#        --no_scheduling --debug --endian=little --cpu=Cortex-M4 -e --fpu=None
#        --dlib_config "D:\Study Software\arm\INC\c\DLib_Config_Normal.h" -I
#        D:\Study\car\myFirstCar\myFirstCar_fourWheel\iar\..\app\ -I
#        D:\Study\car\myFirstCar\myFirstCar_fourWheel\iar\..\..\..\lib\CPU\ -I
#        D:\Study\car\myFirstCar\myFirstCar_fourWheel\iar\..\..\..\lib\common\
#        -I D:\Study\car\myFirstCar\myFirstCar_fourWheel\iar\..\..\..\lib\LPLD\
#        -I
#        D:\Study\car\myFirstCar\myFirstCar_fourWheel\iar\..\..\..\lib\LPLD\HW\
#        -I
#        D:\Study\car\myFirstCar\myFirstCar_fourWheel\iar\..\..\..\lib\LPLD\DEV\
#        -I
#        D:\Study\car\myFirstCar\myFirstCar_fourWheel\iar\..\..\..\lib\LPLD\FUNC\
#        -I
#        D:\Study\car\myFirstCar\myFirstCar_fourWheel\iar\..\..\..\lib\uCOS-II\Ports\
#        -I
#        D:\Study\car\myFirstCar\myFirstCar_fourWheel\iar\..\..\..\lib\uCOS-II\Source\
#        -I
#        D:\Study\car\myFirstCar\myFirstCar_fourWheel\iar\..\..\..\lib\FatFs\
#        -I
#        D:\Study\car\myFirstCar\myFirstCar_fourWheel\iar\..\..\..\lib\FatFs\option\
#        -I
#        D:\Study\car\myFirstCar\myFirstCar_fourWheel\iar\..\..\..\lib\USB\common\
#        -I
#        D:\Study\car\myFirstCar\myFirstCar_fourWheel\iar\..\..\..\lib\USB\driver\
#        -I
#        D:\Study\car\myFirstCar\myFirstCar_fourWheel\iar\..\..\..\lib\USB\descriptor\
#        -I
#        D:\Study\car\myFirstCar\myFirstCar_fourWheel\iar\..\..\..\lib\USB\class\
#        -Ol -I "D:\Study Software\arm\CMSIS\Include\" -D ARM_MATH_CM4
#    List file    =  
#        D:\Study\car\myFirstCar\myFirstCar_fourWheel\iar\RAM\List\uart.lst
#    Object file  =  
#        D:\Study\car\myFirstCar\myFirstCar_fourWheel\iar\RAM\Obj\uart.o
#
###############################################################################

D:\Study\car\myFirstCar\myFirstCar_fourWheel\app\uart.c
      1          #include"include.h"

   \                                 In section .text, align 4, keep-with-next
      2          void uartIsr()
      3          {
   \                     uartIsr: (+1)
   \   00000000   0xB580             PUSH     {R7,LR}
      4              LPLD_UART_PutCharArr(uartCom,"Hello World",12);
   \   00000002   0x220C             MOVS     R2,#+12
   \   00000004   0x4902             LDR.N    R1,??uartIsr_0
   \   00000006   0x4803             LDR.N    R0,??uartIsr_0+0x4
   \   00000008   0x6800             LDR      R0,[R0, #+0]
   \   0000000A   0x.... 0x....      BL       LPLD_UART_PutCharArr
      5          }
   \   0000000E   0xBD01             POP      {R0,PC}          ;; return
   \                     ??uartIsr_0:
   \   00000010   0x........         DC32     ?_0
   \   00000014   0x........         DC32     uartCom

   \                                 In section .rodata, align 4
   \                     ?_0:
   \   00000000   0x48 0x65          DC8 "Hello World"
   \              0x6C 0x6C    
   \              0x6F 0x20    
   \              0x57 0x6F    
   \              0x72 0x6C    
   \              0x64 0x00    

   Maximum stack usage in bytes:

   .cstack Function
   ------- --------
       8   uartIsr
         8   -> LPLD_UART_PutCharArr


   Section sizes:

   Bytes  Function/Label
   -----  --------------
      12  ?_0
      24  uartIsr

 
 12 bytes in section .rodata
 24 bytes in section .text
 
 24 bytes of CODE  memory
 12 bytes of CONST memory

Errors: none
Warnings: none
